C51 COMPILER V9.60.0.0   I2C                                                               07/27/2022 15:20:07 PAGE 1   


C51 COMPILER V9.60.0.0, COMPILATION OF MODULE I2C
OBJECT MODULE PLACED IN .\Objects\i2c.obj
COMPILER INVOKED BY: C:\Keil_v5\C51\BIN\C51.EXE i2c.c OPTIMIZE(8,SPEED) BROWSE INCDIR(.\Include;.\Include\driver;.\Inclu
                    -de\types;.\Include\utils;.\Include\security) DEFINE(FOSC_160000) DEBUG OBJECTEXTEND PRINT(.\Listings\i2c.lst) TABS(2) OB
                    -JECT(.\Objects\i2c.obj)

line level    source

   1          #include "N76E003.h"
   2          #include "SFR_Macro.h"
   3          #include "Function_define.h"
   4          #include "Common.h"
   5          #include "Delay.h"
   6          #include "I2C.h"
   7          #include <string.h>
   8          
   9          void I2C_init(void)
  10          {
  11   1        I2C_GPIO_Init(regular_I2C_pins);
  12   1        I2CLK = I2C_CLOCK; 
  13   1        set_I2CEN; 
  14   1      }
  15          
  16          
  17          void I2C_start(void)
  18          {
  19   1        signed int t = timeout_count;
  20   1        
  21   1        set_STA;                                
  22   1        clr_SI;
  23   1        while((SI == 0) && (t > 0))
  24   1        {
  25   2          t--;
  26   2        };     
  27   1      }
  28          
  29          void I2C_stop(void)
  30          {
  31   1        signed int t = timeout_count;
  32   1        
  33   1        clr_SI;
  34   1        set_STO;
  35   1        while((STO == 1) && (t > 0))
  36   1        {
  37   2          t--;
  38   2        };     
  39   1      }
  40          
  41          
  42          unsigned char I2C_read(unsigned char ack_mode)
  43          {
  44   1        signed int t = timeout_count;
  45   1        unsigned char value = 0x00;
  46   1      
  47   1        set_AA;                             
  48   1        clr_SI;
  49   1        while((SI == 0) && (t > 0))
  50   1        {
  51   2          t--;
  52   2        };    
  53   1        
C51 COMPILER V9.60.0.0   I2C                                                               07/27/2022 15:20:07 PAGE 2   

  54   1        value = I2DAT;
  55   1      
  56   1        if(ack_mode == I2C_NACK)
  57   1        {
  58   2          t = timeout_count;
  59   2          clr_AA;   
  60   2          clr_SI;
  61   2          while((SI == 0) && (t > 0))
  62   2          {
  63   3            t--;
  64   3          };      
  65   2        }
  66   1        
  67   1        return value;
  68   1      }
  69          
  70          void writei2c(unsigned char addr,char* _data){
  71   1        int len = 0;
  72   1        I2C_write(addr);
  73   1        len = strlen(_data);
  74   1        while(len){ 
  75   2          I2C_write(*_data);
  76   2          _data++;
  77   2          len--;
  78   2        }
  79   1      }
  80          
  81          void I2C_write(unsigned char value)
  82          {
  83   1        signed int t = timeout_count;
  84   1        
  85   1        I2DAT = value; 
  86   1        clr_STA;           
  87   1        clr_SI;
  88   1        while((SI == 0) && (t > 0))
  89   1        {
  90   2          t--;
  91   2        };  
  92   1      }


MODULE INFORMATION:   STATIC OVERLAYABLE
   CODE SIZE        =    250    ----
   CONSTANT SIZE    =   ----    ----
   XDATA SIZE       =   ----    ----
   PDATA SIZE       =   ----    ----
   DATA SIZE        =   ----       5
   IDATA SIZE       =   ----    ----
   BIT SIZE         =   ----    ----
END OF MODULE INFORMATION.


C51 COMPILATION COMPLETE.  0 WARNING(S),  0 ERROR(S)
