C51 COMPILER V9.60.0.0   TYPECON                                                           07/27/2022 15:20:07 PAGE 1   


C51 COMPILER V9.60.0.0, COMPILATION OF MODULE TYPECON
OBJECT MODULE PLACED IN .\Objects\typecon.obj
COMPILER INVOKED BY: C:\Keil_v5\C51\BIN\C51.EXE typecon.c OPTIMIZE(8,SPEED) BROWSE INCDIR(.\Include;.\Include\driver;.\I
                    -nclude\types;.\Include\utils;.\Include\security) DEFINE(FOSC_160000) DEBUG OBJECTEXTEND PRINT(.\Listings\typecon.lst) TA
                    -BS(2) OBJECT(.\Objects\typecon.obj)

line level    source

   1          #include "typecon.h"
   2          #include <stdlib.h>
   3          
   4          #define MAX_LEN         10   // 32767 is 6 characters with NULL terminator
   5          #define BASE_10         10  // Print decimal format
   6          
   7          char* toStr(unsigned int value) { //long
   8   1        char *ch = ""; //[MAX_LEN];
   9   1        
  10   1        unsigned int n = value, count = 0, i = 0, j = 1;
  11   1        do{
  12   2          n /= 10;
  13   2          ++count;
  14   2        } while (n != 0);
  15   1        
  16   1        if(count == 1){
  17   2          *(ch) = ((value % 10)+ 0x30);
  18   2          *(ch+1) = '\0';
  19   2          return ch;
  20   2        }
  21   1        if(count == 2){
  22   2          *(ch)   = (((value / 10)  % 10)+ 0x30);
  23   2          *(ch+1) = ((value % 10)+ 0x30);
  24   2          *(ch+2) = '\0';
  25   2          return ch;
  26   2        }
  27   1        //1234 count = 4 
  28   1        *(ch+count - 2) = (((value / 10)  % 10)+ 0x30);  //3
  29   1        *(ch+count - 1) = ((value % 10)+ 0x30);          //4
  30   1        *(ch+count) = '\0';                              //NULL
  31   1                        
  32   1        for(i = count - 3; i >= 0 ; i--){  //1,0
  33   2          *(ch+i) = (((value / (100*j)) % 10)+ 0x30); 
  34   2          j *= 10;
  35   2        }
  36   1        return ch;  
  37   1      }
  38          /*
  39          char* toStr(unsigned long num) {
  40            int index = 0; 
  41            char str[ MAX_LEN ];     //6
  42            int n = num, count = 0;
  43            
  44            do{
  45              n /= 10;
  46              ++count;
  47              } while (n != 0);
  48            index = count;
  49              
  50            str[ index ] = '\0';
  51            while( index-- )
  52            {
  53              str[ index ] = ( num % BASE_10 ) + '0'; 
C51 COMPILER V9.60.0.0   TYPECON                                                           07/27/2022 15:20:07 PAGE 2   

  54              num /= BASE_10;
  55              if( num == 0 )
  56                break;
  57            }
  58            return str;
  59          }
  60          */


MODULE INFORMATION:   STATIC OVERLAYABLE
   CODE SIZE        =    348    ----
   CONSTANT SIZE    =      1    ----
   XDATA SIZE       =   ----    ----
   PDATA SIZE       =   ----    ----
   DATA SIZE        =   ----      11
   IDATA SIZE       =   ----    ----
   BIT SIZE         =   ----    ----
END OF MODULE INFORMATION.


C51 COMPILATION COMPLETE.  0 WARNING(S),  0 ERROR(S)
